/workspace/iris_4313d091-e484-4384-8564-8ce91e478bc4/nova_repo/backend/main.py:175: DeprecationWarning: 
        on_event is deprecated, use lifespan event handlers instead.

        Read more about it in the
        [FastAPI docs for Lifespan Events](https://fastapi.tiangolo.com/advanced/events/).
        
  @app.on_event("startup")
INFO:     Started server process [404219]
INFO:     Waiting for application startup.
INFO:     Application startup complete.
INFO:     Uvicorn running on http://0.0.0.0:8765 (Press CTRL+C to quit)
[*] Second Brain AI Version: 0.10.2
[*] Frontend dist directory: /workspace/iris_4313d091-e484-4384-8564-8ce91e478bc4/nova_repo/frontend_dist
[*] Frontend index.html exists: False
[!] Assets directory not found at /workspace/iris_4313d091-e484-4384-8564-8ce91e478bc4/nova_repo/frontend_dist/assets
[*] Starting backend server on 0.0.0.0:8765
[*] Registering routes:
    - /openapi.json (openapi)
    - /docs (swagger_ui_html)
    - /docs/oauth2-redirect (swagger_ui_redirect)
    - /redoc (redoc_html)
    - /api/media/files (media_files_legacy)
    - /api/media/static/files (media_files)
    - /api/emoticons/list (list_emoticons)
    - /api/notes/quick-capture (quick_capture_api)
    - /api/user/stats (get_user_stats_api)
    - /api/user/achievements (get_user_achievements_api)
    - /api/user/theme (update_user_theme_api)
    - /api/user/wallpaper (update_user_wallpaper_api)
    - /api/upload (upload_documents)
    - /api/media/upload (upload_media_api)
    - /api/media/upload/init (upload_media_init)
    - /api/media/upload/chunk (upload_media_chunk)
    - /api/media/upload/complete (upload_media_complete)
    - /api/ask (ask_question)
    - /api/search (search_api)
    - /api/ai/inline (inline_ai)
    - /api/chat (global_chat)
    - /api/tags/suggest (suggest_tags)
    - /api/notes/{note_id}/links (get_note_links)
    - /api/notes/{note_id}/backlinks (get_note_backlinks)
    - /api/notes/tree (get_notes_tree)
    - /api/folders (create_folder_api)
    - /api/notes (get_notes)
    - /api/notes/{note_id}/properties (get_note_properties_api)
    - /api/notes/{note_id}/properties (create_note_property_api)
    - /api/notes/{note_id}/properties/{property_id} (update_note_property_api)
    - /api/notes/{note_id}/properties/{property_id} (delete_note_property_api)
    - /api/trash (get_trash)
    - /api/notebooks (get_notebooks)
    - /api/notebooks (create_notebook_api)
    - /api/notebooks/{notebook_id} (update_notebook_api)
    - /api/notebooks/{notebook_id} (delete_notebook_api)
    - /api/notebooks/{notebook_id}/restore (restore_notebook_api)
    - /api/notebooks/{notebook_id}/purge (purge_notebook_api)
    - /api/notes (create_note_api)
    - /api/notes/{note_id} (update_note_api)
    - /api/notes/{note_id}/tags (update_note_tags_api)
    - /api/notes/{note_id}/move (move_note_api)
    - /api/notes/bulk-move (bulk_move_notes_api)
    - /api/notes/bulk-delete (bulk_delete_notes_api)
    - /api/notes/{note_id} (delete_note_api)
    - /api/notes/{note_id}/restore (restore_note_api)
    - /api/notes/{note_id}/purge (delete_note_purge_api)
    - /api/trash/purge (purge_trash_api)
    - /api/media/music-library (get_music_library)
    - /api/media/music-link (save_music_link)
    - /api/media/music-upload (upload_music)
    - /api/bgm/list (list_bgm)
    - /api/bgm/stream/{filename} (stream_bgm)
    - /api/stickers/list (list_stickers)
    - /api/stickers/upload (upload_sticker)
    - /api/stickers/files/{filename} (get_sticker_file)
    - /api/stickers/files/{filename} (delete_sticker_file)
    - /api/tasks (get_tasks)
    - /api/tasks (create_task_api)
    - /api/tasks/clear-completed (clear_completed_tasks_api)
    - /api/emoticons/upload (upload_emoticon)
    - /api/emoticons/files/{filename} (get_emoticon_file)
    - /api/emoticons/files/{filename} (delete_emoticon_file)
    - /api/tasks/{task_id:int} (update_task_api)
    - /api/tasks/{task_id:int} (delete_task_api)
    - /api/agent (agent_api)
    - /api/model-config (get_model_config_api)
    - /api/model-config (update_model_config_api)
    - /api/system/logs (get_system_logs)
    - /api/system/switch-data-path (switch_data_path)
    - /api/system/version (get_system_version)
    - /api/system/update (system_update)
    - /api/system/restart (system_restart)
    - /api/system/open-file (open_file)
    - /api/system/import-data (import_data)
    - /api/media/static/music (music_files)
    - /api/emoticons/static/files (emoticon_files)
    - /health (health)
    - /{full_path:path} (spa)
INFO:     127.0.0.1:41728 - "GET /api/notes HTTP/1.1" 200 OK
INFO:     127.0.0.1:42568 - "POST /api/notes HTTP/1.1" 200 OK
Failed to send telemetry event ClientStartEvent: capture() takes 1 positional argument but 3 were given
Failed to send telemetry event ClientCreateCollectionEvent: capture() takes 1 positional argument but 3 were given
Failed to send telemetry event CollectionQueryEvent: capture() takes 1 positional argument but 3 were given
Number of requested results 6 is greater than number of elements in index 1, updating n_results = 1
INFO:     127.0.0.1:42572 - "POST /api/notes HTTP/1.1" 200 OK
Number of requested results 6 is greater than number of elements in index 2, updating n_results = 2
INFO:     127.0.0.1:42574 - "GET /api/notes/7/backlinks HTTP/1.1" 200 OK
INFO:     127.0.0.1:42588 - "GET /api/notes/8/links HTTP/1.1" 200 OK
INFO:     fdbd:dc07:fe:4005::256e:0 - "GET /api/emoticons/static/files/1f922_nauseated.webp HTTP/1.1" 304 Not Modified
INFO:     fdbd:dc07:fe:4005::2242:0 - "GET /api/emoticons/static/files/1f923_rofl.webp HTTP/1.1" 304 Not Modified
INFO:     fdbd:dc07:fe:4005::21b1:0 - "GET /api/emoticons/static/files/1f44d_thumbs_up.webp HTTP/1.1" 304 Not Modified
INFO:     fdbd:dc07:fe:4005::2534:0 - "GET /api/emoticons/static/files/1f603_grinning_face_with_big_eyes.webp HTTP/1.1" 304 Not Modified
INFO:     fdbd:dc07:fe:4005::24c0:0 - "GET /api/emoticons/static/files/1f60b_yum.webp HTTP/1.1" 304 Not Modified
INFO:     fdbd:dc07:fe:4005::21f8:0 - "GET /api/emoticons/static/files/1f62e_open_mouth.webp HTTP/1.1" 304 Not Modified
INFO:     fdbd:dc07:fe:4005::20e9:0 - "GET /api/emoticons/static/files/1f4ab_dizzy.webp HTTP/1.1" 304 Not Modified
INFO:     fdbd:dc07:fe:4005::210f:0 - "GET /api/emoticons/static/files/1f62d_sob.webp HTTP/1.1" 304 Not Modified
INFO:     fdbd:dc07:fe:4005::24b0:0 - "GET /api/emoticons/static/files/1f60d_heart_eyes.webp HTTP/1.1" 304 Not Modified
INFO:     fdbd:dc07:fe:4005::2436:0 - "GET /api/emoticons/static/files/1f914_thinking.webp HTTP/1.1" 304 Not Modified
INFO:     fdbd:dc07:fe:4005::2102:0 - "GET /api/notes/8/backlinks HTTP/1.1" 200 OK
INFO:     fdbd:dc07:fe:4005::2370:0 - "GET /api/notes/8/links HTTP/1.1" 200 OK
INFO:     fdbd:dc07:fe:4005::2066:0 - "GET /api/notes/8/backlinks HTTP/1.1" 200 OK
INFO:     fdbd:dc07:fe:4005::240f:0 - "GET /api/notes/8/links HTTP/1.1" 200 OK
INFO:     fdbd:dc07:fe:4005::21c1:0 - "GET /api/notes/5/backlinks HTTP/1.1" 200 OK
INFO:     fdbd:dc07:fe:4005::2359:0 - "GET /api/notes/5/links HTTP/1.1" 200 OK
INFO:     fdbd:dc07:fe:4005::20a1:0 - "GET /api/notes/5/backlinks HTTP/1.1" 200 OK
INFO:     fdbd:dc07:fe:4005::22c3:0 - "GET /api/notes/5/links HTTP/1.1" 200 OK
INFO:     fdbd:dc07:fe:4005::2208:0 - "GET /api/notes/8/backlinks HTTP/1.1" 200 OK
INFO:     fdbd:dc07:fe:4005::2148:0 - "GET /api/notes/8/links HTTP/1.1" 200 OK
INFO:     fdbd:dc07:fe:4005::2249:0 - "GET /api/notes/8/backlinks HTTP/1.1" 200 OK
INFO:     fdbd:dc07:fe:4005::233f:0 - "GET /api/notes/8/links HTTP/1.1" 200 OK
INFO:     fdbd:dc07:fe:4005::2520:0 - "GET /api/notes/8/backlinks HTTP/1.1" 200 OK
INFO:     fdbd:dc07:fe:4005::2045:0 - "GET /api/notes/8/links HTTP/1.1" 200 OK
INFO:     fdbd:dc07:fe:4005::2689:0 - "GET /api/notes/8/backlinks HTTP/1.1" 200 OK
INFO:     fdbd:dc07:fe:4005::2731:0 - "GET /api/notes/8/links HTTP/1.1" 200 OK
INFO:     fdbd:dc07:fe:4005::27d0:0 - "GET /api/notes/8/backlinks HTTP/1.1" 200 OK
INFO:     fdbd:dc07:fe:4005::2405:0 - "GET /api/notes/8/links HTTP/1.1" 200 OK
INFO:     fdbd:dc07:fe:4005::2046:0 - "GET /api/notes/8/backlinks HTTP/1.1" 200 OK
INFO:     fdbd:dc07:fe:4005::2269:0 - "GET /api/notes/8/links HTTP/1.1" 200 OK
INFO:     fdbd:dc07:fe:4005::247c:0 - "GET /api/notes/8/backlinks HTTP/1.1" 200 OK
INFO:     fdbd:dc07:fe:4005::2068:0 - "GET /api/notes/8/links HTTP/1.1" 200 OK
INFO:     fdbd:dc07:fe:4005::242b:0 - "GET /api/notes/8/links HTTP/1.1" 200 OK
INFO:     fdbd:dc07:fe:4005::24c2:0 - "GET /api/notes/8/backlinks HTTP/1.1" 200 OK
INFO:     fdbd:dc07:fe:4005::25bf:0 - "GET /api/notes/8/backlinks HTTP/1.1" 200 OK
INFO:     fdbd:dc07:fe:4005::2787:0 - "GET /api/notes/8/links HTTP/1.1" 200 OK
INFO:     fdbd:dc07:fe:4005::27c2:0 - "GET /api/notes/8/backlinks HTTP/1.1" 200 OK
INFO:     fdbd:dc07:fe:4005::26ff:0 - "GET /api/notes/8/links HTTP/1.1" 200 OK
INFO:     fdbd:dc07:fe:4005::2609:0 - "GET /api/notes/8/links HTTP/1.1" 200 OK
INFO:     fdbd:dc07:fe:4005::26db:0 - "GET /api/notes/8/backlinks HTTP/1.1" 200 OK
INFO:     fdbd:dc07:fe:4005::274e:0 - "GET /api/notes/8/links HTTP/1.1" 200 OK
INFO:     fdbd:dc07:fe:4005::20ed:0 - "GET /api/notes/8/backlinks HTTP/1.1" 200 OK
INFO:     fdbd:dc07:fe:4005::221b:0 - "GET /api/notes/8/links HTTP/1.1" 200 OK
INFO:     fdbd:dc07:fe:4005::2575:0 - "GET /api/notes/8/backlinks HTTP/1.1" 200 OK
INFO:     fdbd:dc07:fe:4005::21d6:0 - "GET /api/notes/8/backlinks HTTP/1.1" 200 OK
INFO:     fdbd:dc07:fe:4005::2788:0 - "GET /api/notes/8/links HTTP/1.1" 200 OK
INFO:     fdbd:dc07:fe:4005::2638:0 - "GET /api/notes/8/backlinks HTTP/1.1" 200 OK
INFO:     fdbd:dc07:fe:4005::24de:0 - "GET /api/notes/8/links HTTP/1.1" 200 OK
INFO:     fdbd:dc07:fe:4005::20ee:0 - "GET /api/notes/8/backlinks HTTP/1.1" 200 OK
INFO:     fdbd:dc07:fe:4005::210c:0 - "GET /api/notes/8/links HTTP/1.1" 200 OK
INFO:     fdbd:dc07:fe:4005::257a:0 - "GET /api/notes/8/backlinks HTTP/1.1" 200 OK
INFO:     fdbd:dc07:fe:4005::21fe:0 - "GET /api/notes/8/links HTTP/1.1" 200 OK
INFO:     fdbd:dc07:fe:4005::26c0:0 - "GET /api/notes/8/links HTTP/1.1" 200 OK
INFO:     fdbd:dc07:fe:4005::2105:0 - "GET /api/notes/8/backlinks HTTP/1.1" 200 OK
INFO:     fdbd:dc07:fe:4005::2798:0 - "GET /api/notes/8/backlinks HTTP/1.1" 200 OK
INFO:     fdbd:dc07:fe:4005::21d7:0 - "GET /api/notes/8/links HTTP/1.1" 200 OK
INFO:     fdbd:dc07:fe:4005::258f:0 - "GET /api/media/music-library HTTP/1.1" 200 OK
INFO:     fdbd:dc07:fe:4005::26b5:0 - "GET /api/media/music-library HTTP/1.1" 200 OK
INFO:     fdbd:dc07:fe:4005::2136:0 - "GET /api/notes/8/backlinks HTTP/1.1" 200 OK
INFO:     fdbd:dc07:fe:4005::27e1:0 - "GET /api/notes/8/links HTTP/1.1" 200 OK
INFO:     fdbd:dc07:fe:4005::21c2:0 - "GET /api/notes/8/backlinks HTTP/1.1" 200 OK
INFO:     fdbd:dc07:fe:4005::21af:0 - "GET /api/notes/8/links HTTP/1.1" 200 OK
INFO:     fdbd:dc07:fe:4005::24bf:0 - "GET /api/notes/8/backlinks HTTP/1.1" 200 OK
INFO:     fdbd:dc07:fe:4005::21ff:0 - "GET /api/notes/8/links HTTP/1.1" 200 OK
INFO:     fdbd:dc07:fe:4005::20d5:0 - "GET /api/notes/8/backlinks HTTP/1.1" 200 OK
INFO:     fdbd:dc07:fe:4005::2703:0 - "GET /api/notes/8/links HTTP/1.1" 200 OK
INFO:     fdbd:dc07:fe:4005::209a:0 - "GET /api/notes/8/backlinks HTTP/1.1" 200 OK
INFO:     fdbd:dc07:fe:4005::2750:0 - "GET /api/notes/8/links HTTP/1.1" 200 OK
INFO:     fdbd:dc07:fe:4005::27e5:0 - "GET /api/notes/8/backlinks HTTP/1.1" 200 OK
INFO:     fdbd:dc07:fe:4005::25ba:0 - "GET /api/notes/8/links HTTP/1.1" 200 OK
INFO:     fdbd:dc07:fe:4005::2577:0 - "GET /api/notes/8/backlinks HTTP/1.1" 200 OK
INFO:     fdbd:dc07:fe:4005::235c:0 - "GET /api/notes/8/links HTTP/1.1" 200 OK
INFO:     fdbd:dc07:fe:4005::23b3:0 - "GET /api/notes/8/backlinks HTTP/1.1" 200 OK
INFO:     fdbd:dc07:fe:4005::24e2:0 - "GET /api/notes/8/links HTTP/1.1" 200 OK
INFO:     fdbd:dc07:fe:4005::260c:0 - "GET /api/media/music-library HTTP/1.1" 200 OK
INFO:     fdbd:dc07:fe:4005::270c:0 - "GET /api/media/music-library HTTP/1.1" 200 OK
INFO:     fdbd:dc07:fe:4005::242d:0 - "GET /api/media/music-library HTTP/1.1" 200 OK
INFO:     fdbd:dc07:fe:4005::253b:0 - "GET /api/media/music-library HTTP/1.1" 200 OK
INFO:     fdbd:dc07:fe:4005::26fe:0 - "GET /api/media/music-library HTTP/1.1" 200 OK
INFO:     fdbd:dc07:fe:4005::2387:0 - "GET /api/media/music-library HTTP/1.1" 200 OK
INFO:     fdbd:dc07:fe:4005::2678:0 - "GET /api/media/music-library HTTP/1.1" 200 OK
INFO:     fdbd:dc07:fe:4005::2379:0 - "GET /api/media/music-library HTTP/1.1" 200 OK
INFO:     fdbd:dc07:fe:4005::21cc:0 - "GET /api/media/music-library HTTP/1.1" 200 OK
INFO:     fdbd:dc07:fe:4005::2300:0 - "GET /api/media/music-library HTTP/1.1" 200 OK
INFO:     fdbd:dc07:fe:4005::2351:0 - "GET /api/media/music-library HTTP/1.1" 200 OK
INFO:     fdbd:dc07:fe:4005::23b9:0 - "GET /api/media/music-library HTTP/1.1" 200 OK
INFO:     fdbd:dc07:fe:4005::206f:0 - "GET /api/media/music-library HTTP/1.1" 200 OK
INFO:     fdbd:dc07:fe:4005::224c:0 - "GET /api/media/music-library HTTP/1.1" 200 OK
INFO:     fdbd:dc07:fe:4005::277d:0 - "GET /api/media/music-library HTTP/1.1" 200 OK
INFO:     fdbd:dc07:fe:4005::233d:0 - "GET /api/media/music-library HTTP/1.1" 200 OK
INFO:     fdbd:dc07:fe:4005::273a:0 - "GET /api/media/music-library HTTP/1.1" 200 OK
INFO:     fdbd:dc07:fe:4005::20a8:0 - "GET /api/media/music-library HTTP/1.1" 200 OK
INFO:     fdbd:dc07:fe:4005::2668:0 - "GET /api/media/music-library HTTP/1.1" 200 OK
INFO:     fdbd:dc07:fe:4005::20e3:0 - "GET /api/media/music-library HTTP/1.1" 200 OK
INFO:     fdbd:dc07:fe:4005::2743:0 - "GET /api/media/music-library HTTP/1.1" 200 OK
INFO:     fdbd:dc07:fe:4005::21b2:0 - "GET /api/media/music-library HTTP/1.1" 200 OK
INFO:     fdbd:dc07:fe:4005::2293:0 - "GET /api/media/music-library HTTP/1.1" 200 OK
INFO:     fdbd:dc07:fe:4005::21b6:0 - "GET /api/media/music-library HTTP/1.1" 200 OK
INFO:     fdbd:dc07:fe:4005::234c:0 - "GET /api/media/music-library HTTP/1.1" 200 OK
INFO:     fdbd:dc07:fe:4005::2798:0 - "GET /api/media/music-library HTTP/1.1" 200 OK
INFO:     fdbd:dc07:fe:4005::21cf:0 - "GET /api/media/music-library HTTP/1.1" 200 OK
INFO:     fdbd:dc07:fe:4005::2310:0 - "GET /api/media/music-library HTTP/1.1" 200 OK
INFO:     fdbd:dc07:fe:4005::21ba:0 - "GET /api/media/music-library HTTP/1.1" 200 OK
INFO:     fdbd:dc07:fe:4005::215a:0 - "GET /api/media/music-library HTTP/1.1" 200 OK
INFO:     fdbd:dc07:fe:4005::24de:0 - "GET /api/media/music-library HTTP/1.1" 200 OK
INFO:     fdbd:dc07:fe:4005::23c5:0 - "GET /api/media/music-library HTTP/1.1" 200 OK
INFO:     fdbd:dc07:fe:4005::21da:0 - "GET /api/media/music-library HTTP/1.1" 200 OK
INFO:     fdbd:dc07:fe:4005::2309:0 - "GET /api/media/music-library HTTP/1.1" 200 OK
INFO:     fdbd:dc07:fe:4005::27f9:0 - "GET /api/media/music-library HTTP/1.1" 200 OK
INFO:     fdbd:dc07:fe:4005::272f:0 - "GET /api/media/music-library HTTP/1.1" 200 OK
INFO:     fdbd:dc07:fe:4005::25db:0 - "GET /api/media/music-library HTTP/1.1" 200 OK
INFO:     fdbd:dc07:fe:4005::24d6:0 - "GET /api/media/music-library HTTP/1.1" 200 OK
INFO:     fdbd:dc07:fe:4005::2018:0 - "GET / HTTP/1.1" 200 OK
INFO:     fdbd:dc07:fe:4005::25fb:0 - "GET /assets/index-DeavdiKp.js HTTP/1.1" 200 OK
INFO:     fdbd:dc07:fe:4005::27d5:0 - "GET /assets/index-DqMoGBrr.css HTTP/1.1" 200 OK
INFO:     fdbd:dc07:fe:4005::23d9:0 - "GET /api/media/music-library HTTP/1.1" 200 OK
INFO:     fdbd:dc07:fe:4005::235c:0 - "GET /api/media/music-library HTTP/1.1" 200 OK
INFO:     fdbd:dc07:fe:4005::203c:0 - "GET /api/stickers/list HTTP/1.1" 200 OK
INFO:     fdbd:dc07:fe:4005::2676:0 - "GET /api/stickers/files/c536ee32-16fc-448a-872e-c9e85eadde5c.jpeg HTTP/1.1" 200 OK
INFO:     fdbd:dc07:fe:4005::2122:0 - "GET /api/stickers/files/tape.svg HTTP/1.1" 200 OK
INFO:     fdbd:dc07:fe:4005::2444:0 - "GET /api/stickers/files/heart.svg HTTP/1.1" 200 OK
INFO:     fdbd:dc07:fe:4005::264f:0 - "GET /api/stickers/files/note.svg HTTP/1.1" 200 OK
INFO:     fdbd:dc07:fe:4005::25b2:0 - "GET /api/stickers/files/star.svg HTTP/1.1" 200 OK
INFO:     fdbd:dc07:fe:4005::2256:0 - "GET /api/stickers/files/heart.svg HTTP/1.1" 200 OK
INFO:     fdbd:dc07:fe:4005::2714:0 - "GET / HTTP/1.1" 200 OK
INFO:     fdbd:dc07:fe:4005::24dd:0 - "GET /assets/index-B3WlKPMV.js HTTP/1.1" 200 OK
INFO:     fdbd:dc07:fe:4005::21ca:0 - "GET /assets/index-BiuzFppR.css HTTP/1.1" 200 OK
INFO:     fdbd:dc07:fe:4005::21f5:0 - "GET /api/media/music-library HTTP/1.1" 200 OK
INFO:     fdbd:dc07:fe:4005::215b:0 - "GET /api/stickers/files/heart.svg HTTP/1.1" 200 OK
INFO:     fdbd:dc07:fe:4005::2588:0 - "GET /api/emoticons/list HTTP/1.1" 200 OK
INFO:     fdbd:dc07:fe:4005::2133:0 - "GET /api/emoticons/static/files/1f389_party_popper.webp HTTP/1.1" 200 OK
INFO:     fdbd:dc07:fe:4005::2022:0 - "GET /api/emoticons/static/files/1f4ab_dizzy.webp HTTP/1.1" 200 OK
INFO:     fdbd:dc07:fe:4005::2446:0 - "GET /api/emoticons/static/files/1f604_grinning_face_with_smiling_eyes.webp HTTP/1.1" 200 OK
INFO:     fdbd:dc07:fe:4005::2755:0 - "GET /api/emoticons/static/files/1f525_fire.webp HTTP/1.1" 200 OK
INFO:     fdbd:dc07:fe:4005::21c2:0 - "GET /api/emoticons/static/files/1f603_grinning_face_with_big_eyes.webp HTTP/1.1" 200 OK
INFO:     fdbd:dc07:fe:4005::25e9:0 - "GET /api/emoticons/static/files/1f600_grinning.webp HTTP/1.1" 200 OK
INFO:     fdbd:dc07:fe:4005::236b:0 - "GET /api/emoticons/static/files/1f601_beaming.webp HTTP/1.1" 200 OK
INFO:     fdbd:dc07:fe:4005::253a:0 - "GET /api/emoticons/static/files/1f606_laughing.webp HTTP/1.1" 200 OK
INFO:     fdbd:dc07:fe:4005::25b0:0 - "GET /api/emoticons/static/files/1f609_wink.webp HTTP/1.1" 200 OK
INFO:     fdbd:dc07:fe:4005::2080:0 - "GET /api/emoticons/static/files/1f60a_blush.webp HTTP/1.1" 200 OK
INFO:     fdbd:dc07:fe:4005::2027:0 - "GET /api/emoticons/static/files/1f60b_yum.webp HTTP/1.1" 200 OK
INFO:     fdbd:dc07:fe:4005::2170:0 - "GET /api/emoticons/static/files/1f60d_heart_eyes.webp HTTP/1.1" 200 OK
INFO:     fdbd:dc07:fe:4005::26dc:0 - "GET /api/emoticons/static/files/1f60e_sunglasses.webp HTTP/1.1" 200 OK
INFO:     fdbd:dc07:fe:4005::2251:0 - "GET /api/emoticons/static/files/1f611_expressionless.webp HTTP/1.1" 200 OK
INFO:     fdbd:dc07:fe:4005::2033:0 - "GET /api/emoticons/static/files/1f621_pout.webp HTTP/1.1" 200 OK
INFO:     fdbd:dc07:fe:4005::206c:0 - "GET /api/emoticons/static/files/1f618_kissing_heart.webp HTTP/1.1" 200 OK
INFO:     fdbd:dc07:fe:4005::258d:0 - "GET /api/emoticons/static/files/1f62c_grimacing.webp HTTP/1.1" 200 OK
INFO:     fdbd:dc07:fe:4005::274b:0 - "GET /api/emoticons/static/files/1f62d_sob.webp HTTP/1.1" 200 OK
INFO:     fdbd:dc07:fe:4005::20c2:0 - "GET /api/emoticons/static/files/1f62e_open_mouth.webp HTTP/1.1" 200 OK
INFO:     fdbd:dc07:fe:4005::2232:0 - "GET /api/emoticons/static/files/1f631_scream.webp HTTP/1.1" 200 OK
INFO:     fdbd:dc07:fe:4005::278b:0 - "GET /api/emoticons/static/files/1f644_rolling_eyes.webp HTTP/1.1" 200 OK
INFO:     fdbd:dc07:fe:4005::25cd:0 - "GET /api/emoticons/static/files/1f633_flushed.webp HTTP/1.1" 200 OK
INFO:     fdbd:dc07:fe:4005::2328:0 - "GET /api/emoticons/static/files/1f680_rocket.webp HTTP/1.1" 200 OK
INFO:     fdbd:dc07:fe:4005::215c:0 - "GET /api/emoticons/static/files/1f923_rofl.webp HTTP/1.1" 200 OK
INFO:     fdbd:dc07:fe:4005::214d:0 - "GET /api/emoticons/static/files/1f927_sneezing.webp HTTP/1.1" 200 OK
INFO:     fdbd:dc07:fe:4005::2252:0 - "GET /api/emoticons/static/files/1f973_partying.webp HTTP/1.1" 200 OK
INFO:     fdbd:dc07:fe:4005::24c6:0 - "GET /api/emoticons/static/files/1f974_woozy.webp HTTP/1.1" 200 OK
INFO:     fdbd:dc07:fe:4005::2519:0 - "GET /api/emoticons/static/files/2728_sparkles.webp HTTP/1.1" 200 OK
INFO:     fdbd:dc07:fe:4005::249a:0 - "GET /api/emoticons/static/files/2764_heart.webp HTTP/1.1" 200 OK
INFO:     fdbd:dc07:fe:4005::225f:0 - "GET /api/emoticons/static/files/1f602_joy.webp HTTP/1.1" 200 OK
INFO:     fdbd:dc07:fe:4005::2474:0 - "GET /api/emoticons/static/files/1f605_sweat_smile.webp HTTP/1.1" 200 OK
INFO:     fdbd:dc07:fe:4005::26cc:0 - "GET /api/emoticons/static/files/1f44d_thumbs_up.webp HTTP/1.1" 200 OK
INFO:     fdbd:dc07:fe:4005::22cc:0 - "GET /api/emoticons/static/files/1f60f_smirk.webp HTTP/1.1" 200 OK
INFO:     fdbd:dc07:fe:4005::23d0:0 - "GET /api/emoticons/static/files/1f610_neutral_face.webp HTTP/1.1" 200 OK
INFO:     fdbd:dc07:fe:4005::2610:0 - "GET /api/emoticons/static/files/1f62f_hushed.webp HTTP/1.1" 200 OK
INFO:     fdbd:dc07:fe:4005::26a3:0 - "GET /api/emoticons/static/files/1f634_sleeping.webp HTTP/1.1" 200 OK
INFO:     fdbd:dc07:fe:4005::2373:0 - "GET /api/emoticons/static/files/1f636_no_mouth.webp HTTP/1.1" 200 OK
INFO:     fdbd:dc07:fe:4005::241b:0 - "GET /api/emoticons/static/files/1f64f_pray.webp HTTP/1.1" 200 OK
INFO:     fdbd:dc07:fe:4005::27ea:0 - "GET /api/emoticons/static/files/1f637_mask.webp HTTP/1.1" 200 OK
INFO:     fdbd:dc07:fe:4005::2551:0 - "GET /api/emoticons/static/files/1f914_thinking.webp HTTP/1.1" 200 OK
INFO:     fdbd:dc07:fe:4005::20b9:0 - "GET /api/emoticons/static/files/1f922_nauseated.webp HTTP/1.1" 200 OK
INFO:     fdbd:dc07:fe:4005::279b:0 - "GET /api/emoticons/static/files/1f92e_vomiting.webp HTTP/1.1" 200 OK
INFO:     fdbd:dc07:fe:4005::2420:0 - "GET /api/emoticons/static/files/1f97a_pleading.webp HTTP/1.1" 200 OK
INFO:     fdbd:dc07:fe:4005::2365:0 - "GET /api/emoticons/static/files/1f389_party_popper.webp HTTP/1.1" 200 OK
INFO:     fdbd:dc07:fe:4005::22f0:0 - "GET /api/emoticons/static/files/1f4ab_dizzy.webp HTTP/1.1" 200 OK
INFO:     fdbd:dc07:fe:4005::258f:0 - "GET /api/emoticons/static/files/1f525_fire.webp HTTP/1.1" 200 OK
INFO:     fdbd:dc07:fe:4005::2678:0 - "GET /api/emoticons/static/files/1f600_grinning.webp HTTP/1.1" 200 OK
INFO:     fdbd:dc07:fe:4005::2003:0 - "GET /api/emoticons/static/files/1f601_beaming.webp HTTP/1.1" 200 OK
INFO:     fdbd:dc07:fe:4005::2389:0 - "GET /api/emoticons/static/files/1f44d_thumbs_up.webp HTTP/1.1" 200 OK
INFO:     fdbd:dc07:fe:4005::21f6:0 - "GET /api/emoticons/static/files/1f603_grinning_face_with_big_eyes.webp HTTP/1.1" 200 OK
INFO:     fdbd:dc07:fe:4005::24da:0 - "GET /api/emoticons/static/files/1f604_grinning_face_with_smiling_eyes.webp HTTP/1.1" 200 OK
INFO:     fdbd:dc07:fe:4005::2395:0 - "GET /api/emoticons/static/files/1f606_laughing.webp HTTP/1.1" 200 OK
INFO:     fdbd:dc07:fe:4005::22de:0 - "GET /api/emoticons/static/files/1f609_wink.webp HTTP/1.1" 200 OK
INFO:     fdbd:dc07:fe:4005::235e:0 - "GET /api/emoticons/static/files/1f60a_blush.webp HTTP/1.1" 200 OK
INFO:     fdbd:dc07:fe:4005::2632:0 - "GET /api/emoticons/static/files/1f60b_yum.webp HTTP/1.1" 200 OK
INFO:     fdbd:dc07:fe:4005::27f9:0 - "GET /api/emoticons/static/files/1f60d_heart_eyes.webp HTTP/1.1" 200 OK
INFO:     fdbd:dc07:fe:4005::26cd:0 - "GET /api/emoticons/static/files/1f60e_sunglasses.webp HTTP/1.1" 200 OK
INFO:     fdbd:dc07:fe:4005::257f:0 - "GET /api/emoticons/static/files/1f611_expressionless.webp HTTP/1.1" 200 OK
INFO:     fdbd:dc07:fe:4005::26dd:0 - "GET /api/emoticons/static/files/1f618_kissing_heart.webp HTTP/1.1" 200 OK
INFO:     fdbd:dc07:fe:4005::27e4:0 - "GET /api/emoticons/static/files/1f621_pout.webp HTTP/1.1" 200 OK
INFO:     fdbd:dc07:fe:4005::26ce:0 - "GET /api/emoticons/static/files/1f62c_grimacing.webp HTTP/1.1" 200 OK
INFO:     fdbd:dc07:fe:4005::22a7:0 - "GET /api/emoticons/static/files/1f62d_sob.webp HTTP/1.1" 200 OK
INFO:     fdbd:dc07:fe:4005::25b1:0 - "GET /api/emoticons/static/files/1f62e_open_mouth.webp HTTP/1.1" 200 OK
INFO:     fdbd:dc07:fe:4005::2675:0 - "GET /api/emoticons/static/files/1f631_scream.webp HTTP/1.1" 200 OK
INFO:     fdbd:dc07:fe:4005::22a8:0 - "GET /api/emoticons/static/files/1f644_rolling_eyes.webp HTTP/1.1" 200 OK
INFO:     fdbd:dc07:fe:4005::2580:0 - "GET /api/emoticons/static/files/1f633_flushed.webp HTTP/1.1" 200 OK
INFO:     fdbd:dc07:fe:4005::2475:0 - "GET /api/emoticons/static/files/1f680_rocket.webp HTTP/1.1" 200 OK
INFO:     fdbd:dc07:fe:4005::2659:0 - "GET /api/emoticons/static/files/1f923_rofl.webp HTTP/1.1" 200 OK
INFO:     fdbd:dc07:fe:4005::22df:0 - "GET /api/emoticons/static/files/1f927_sneezing.webp HTTP/1.1" 200 OK
INFO:     fdbd:dc07:fe:4005::2125:0 - "GET /api/emoticons/static/files/1f973_partying.webp HTTP/1.1" 200 OK
INFO:     fdbd:dc07:fe:4005::2590:0 - "GET /api/emoticons/static/files/1f974_woozy.webp HTTP/1.1" 200 OK
INFO:     fdbd:dc07:fe:4005::262f:0 - "GET /api/emoticons/static/files/2728_sparkles.webp HTTP/1.1" 200 OK
INFO:     fdbd:dc07:fe:4005::24db:0 - "GET /api/emoticons/static/files/2764_heart.webp HTTP/1.1" 200 OK
INFO:     fdbd:dc07:fe:4005::21c8:0 - "GET /api/emoticons/static/files/1f602_joy.webp HTTP/1.1" 200 OK
INFO:     fdbd:dc07:fe:4005::2034:0 - "GET /api/emoticons/static/files/1f605_sweat_smile.webp HTTP/1.1" 200 OK
INFO:     fdbd:dc07:fe:4005::23cb:0 - "GET /api/emoticons/static/files/1f60f_smirk.webp HTTP/1.1" 200 OK
INFO:     fdbd:dc07:fe:4005::2329:0 - "GET /api/emoticons/static/files/1f610_neutral_face.webp HTTP/1.1" 200 OK
INFO:     fdbd:dc07:fe:4005::27d7:0 - "GET /api/emoticons/static/files/1f62f_hushed.webp HTTP/1.1" 200 OK
INFO:     fdbd:dc07:fe:4005::2253:0 - "GET /api/emoticons/static/files/1f634_sleeping.webp HTTP/1.1" 200 OK
INFO:     fdbd:dc07:fe:4005::2366:0 - "GET /api/emoticons/static/files/1f636_no_mouth.webp HTTP/1.1" 200 OK
INFO:     fdbd:dc07:fe:4005::213e:0 - "GET /api/emoticons/static/files/1f637_mask.webp HTTP/1.1" 200 OK
INFO:     fdbd:dc07:fe:4005::2630:0 - "GET /api/emoticons/static/files/1f64f_pray.webp HTTP/1.1" 200 OK
INFO:     fdbd:dc07:fe:4005::2552:0 - "GET /api/emoticons/static/files/1f914_thinking.webp HTTP/1.1" 200 OK
INFO:     fdbd:dc07:fe:4005::232a:0 - "GET /api/emoticons/static/files/1f922_nauseated.webp HTTP/1.1" 200 OK
INFO:     fdbd:dc07:fe:4005::249e:0 - "GET /api/emoticons/static/files/1f92e_vomiting.webp HTTP/1.1" 200 OK
INFO:     fdbd:dc07:fe:4005::259b:0 - "GET /api/emoticons/static/files/1f97a_pleading.webp HTTP/1.1" 200 OK
INFO:     fdbd:dc07:fe:4005::2347:0 - "GET /api/emoticons/static/files/1f914_thinking.webp HTTP/1.1" 200 OK
INFO:     fdbd:dc07:fe:4005::2389:0 - "GET / HTTP/1.1" 200 OK
INFO:     fdbd:dc07:fe:4005::251a:0 - "GET /assets/index-BiuzFppR.css HTTP/1.1" 200 OK
INFO:     fdbd:dc07:fe:4005::2694:0 - "GET /assets/index-B3WlKPMV.js HTTP/1.1" 200 OK
INFO:     fdbd:dc07:fe:4005::2198:0 - "GET /api/media/music-library HTTP/1.1" 200 OK
INFO:     fdbd:dc07:fe:4005::230d:0 - "GET /api/stickers/files/heart.svg HTTP/1.1" 200 OK
INFO:     fdbd:dc07:fe:4005::2735:0 - "GET /api/media/music-library HTTP/1.1" 200 OK
INFO:     fdbd:dc07:fe:4005::249b:0 - "GET /api/stickers/files/heart.svg HTTP/1.1" 200 OK
INFO:     fdbd:dc07:fe:4005::20ac:0 - "GET /api/emoticons/list HTTP/1.1" 200 OK
INFO:     fdbd:dc07:fe:4005::20eb:0 - "GET /api/emoticons/static/files/1f525_fire.webp HTTP/1.1" 200 OK
INFO:     fdbd:dc07:fe:4005::2023:0 - "GET /api/emoticons/static/files/1f4ab_dizzy.webp HTTP/1.1" 200 OK
INFO:     fdbd:dc07:fe:4005::2591:0 - "GET /api/emoticons/static/files/1f44d_thumbs_up.webp HTTP/1.1" 200 OK
INFO:     fdbd:dc07:fe:4005::224f:0 - "GET /api/emoticons/static/files/1f389_party_popper.webp HTTP/1.1" 200 OK
INFO:     fdbd:dc07:fe:4005::20c3:0 - "GET /api/emoticons/static/files/1f600_grinning.webp HTTP/1.1" 200 OK
INFO:     fdbd:dc07:fe:4005::215e:0 - "GET /api/emoticons/static/files/1f601_beaming.webp HTTP/1.1" 200 OK
INFO:     fdbd:dc07:fe:4005::2653:0 - "GET /api/emoticons/static/files/1f603_grinning_face_with_big_eyes.webp HTTP/1.1" 200 OK
INFO:     fdbd:dc07:fe:4005::24fa:0 - "GET /api/emoticons/static/files/1f602_joy.webp HTTP/1.1" 200 OK
INFO:     fdbd:dc07:fe:4005::2005:0 - "GET /api/emoticons/static/files/1f604_grinning_face_with_smiling_eyes.webp HTTP/1.1" 200 OK
INFO:     fdbd:dc07:fe:4005::23dc:0 - "GET /api/emoticons/static/files/1f606_laughing.webp HTTP/1.1" 200 OK
INFO:     fdbd:dc07:fe:4005::2623:0 - "GET /api/emoticons/static/files/1f605_sweat_smile.webp HTTP/1.1" 200 OK
INFO:     fdbd:dc07:fe:4005::2370:0 - "GET /api/emoticons/static/files/1f609_wink.webp HTTP/1.1" 200 OK
INFO:     fdbd:dc07:fe:4005::222a:0 - "GET /api/emoticons/static/files/1f60b_yum.webp HTTP/1.1" 200 OK
INFO:     fdbd:dc07:fe:4005::2024:0 - "GET /api/emoticons/static/files/1f60a_blush.webp HTTP/1.1" 200 OK
INFO:     fdbd:dc07:fe:4005::2633:0 - "GET /api/emoticons/static/files/1f60f_smirk.webp HTTP/1.1" 200 OK
INFO:     fdbd:dc07:fe:4005::21e2:0 - "GET /api/emoticons/static/files/1f60e_sunglasses.webp HTTP/1.1" 200 OK
INFO:     fdbd:dc07:fe:4005::2612:0 - "GET /api/emoticons/static/files/1f610_neutral_face.webp HTTP/1.1" 200 OK
INFO:     fdbd:dc07:fe:4005::2374:0 - "GET /api/emoticons/static/files/1f60d_heart_eyes.webp HTTP/1.1" 200 OK
INFO:     fdbd:dc07:fe:4005::2741:0 - "GET /api/emoticons/static/files/1f611_expressionless.webp HTTP/1.1" 200 OK
INFO:     fdbd:dc07:fe:4005::237c:0 - "GET /api/emoticons/static/files/1f618_kissing_heart.webp HTTP/1.1" 200 OK
INFO:     fdbd:dc07:fe:4005::259d:0 - "GET /api/emoticons/static/files/1f62c_grimacing.webp HTTP/1.1" 200 OK
INFO:     fdbd:dc07:fe:4005::259d:0 - "GET /api/emoticons/static/files/1f621_pout.webp HTTP/1.1" 200 OK
INFO:     fdbd:dc07:fe:4005::2355:0 - "GET /api/emoticons/static/files/1f62f_hushed.webp HTTP/1.1" 200 OK
INFO:     fdbd:dc07:fe:4005::20ec:0 - "GET /api/emoticons/static/files/1f62d_sob.webp HTTP/1.1" 200 OK
INFO:     fdbd:dc07:fe:4005::2449:0 - "GET /api/emoticons/static/files/1f62e_open_mouth.webp HTTP/1.1" 200 OK
INFO:     fdbd:dc07:fe:4005::2701:0 - "GET /api/emoticons/static/files/1f631_scream.webp HTTP/1.1" 200 OK
INFO:     fdbd:dc07:fe:4005::2654:0 - "GET /api/emoticons/static/files/1f633_flushed.webp HTTP/1.1" 200 OK
INFO:     fdbd:dc07:fe:4005::24b3:0 - "GET /api/emoticons/static/files/1f636_no_mouth.webp HTTP/1.1" 200 OK
INFO:     fdbd:dc07:fe:4005::228e:0 - "GET /api/emoticons/static/files/1f634_sleeping.webp HTTP/1.1" 200 OK
INFO:     fdbd:dc07:fe:4005::2702:0 - "GET /api/emoticons/static/files/1f644_rolling_eyes.webp HTTP/1.1" 200 OK
INFO:     fdbd:dc07:fe:4005::2250:0 - "GET /api/emoticons/static/files/1f64f_pray.webp HTTP/1.1" 200 OK
INFO:     fdbd:dc07:fe:4005::2606:0 - "GET /api/emoticons/static/files/1f637_mask.webp HTTP/1.1" 200 OK
INFO:     fdbd:dc07:fe:4005::2371:0 - "GET /api/emoticons/static/files/1f680_rocket.webp HTTP/1.1" 200 OK
INFO:     fdbd:dc07:fe:4005::2716:0 - "GET /api/emoticons/static/files/1f922_nauseated.webp HTTP/1.1" 200 OK
INFO:     fdbd:dc07:fe:4005::21e9:0 - "GET /api/emoticons/static/files/1f923_rofl.webp HTTP/1.1" 200 OK
INFO:     fdbd:dc07:fe:4005::20db:0 - "GET /api/emoticons/static/files/1f927_sneezing.webp HTTP/1.1" 200 OK
INFO:     fdbd:dc07:fe:4005::278c:0 - "GET /api/emoticons/static/files/1f973_partying.webp HTTP/1.1" 200 OK
INFO:     fdbd:dc07:fe:4005::2226:0 - "GET /api/emoticons/static/files/1f974_woozy.webp HTTP/1.1" 200 OK
INFO:     fdbd:dc07:fe:4005::2130:0 - "GET /api/emoticons/static/files/1f92e_vomiting.webp HTTP/1.1" 200 OK
INFO:     fdbd:dc07:fe:4005::2334:0 - "GET /api/emoticons/static/files/2728_sparkles.webp HTTP/1.1" 200 OK
INFO:     fdbd:dc07:fe:4005::2199:0 - "GET /api/emoticons/static/files/1f97a_pleading.webp HTTP/1.1" 200 OK
INFO:     fdbd:dc07:fe:4005::2062:0 - "GET /api/emoticons/static/files/2764_heart.webp HTTP/1.1" 200 OK
