/workspace/iris_4313d091-e484-4384-8564-8ce91e478bc4/backend/main.py:154: DeprecationWarning: 
        on_event is deprecated, use lifespan event handlers instead.

        Read more about it in the
        [FastAPI docs for Lifespan Events](https://fastapi.tiangolo.com/advanced/events/).
        
  @app.on_event("startup")
INFO:     Started server process [373034]
INFO:     Waiting for application startup.
INFO:     Application startup complete.
INFO:     Uvicorn running on http://0.0.0.0:8765 (Press CTRL+C to quit)
[*] Second Brain AI Version: v0.5.4
[*] Frontend dist directory: /workspace/iris_4313d091-e484-4384-8564-8ce91e478bc4/frontend_dist
[*] Frontend index.html exists: False
[!] Assets directory not found at /workspace/iris_4313d091-e484-4384-8564-8ce91e478bc4/frontend_dist/assets
[*] Starting backend server on 0.0.0.0:8765
INFO:     fdbd:dc07:fe:4005::2468:0 - "POST /api/media/upload HTTP/1.1" 200 OK
INFO:     fdbd:dc07:fe:4005::27c2:0 - "POST /api/media/upload HTTP/1.1" 200 OK
INFO:     fdbd:dc07:fe:4005::24a5:0 - "POST /api/media/upload HTTP/1.1" 200 OK
INFO:     fdbd:dc07:fe:4005::252a:0 - "POST /api/media/upload HTTP/1.1" 200 OK
INFO:     fdbd:dc07:fe:4005::25d3:0 - "GET /api/media/files/b714d05c-a849-4f33-b153-37bc2a15794a.png HTTP/1.1" 200 OK
INFO:     fdbd:dc07:fe:4005::23c8:0 - "GET /api/media/files/b714d05c-a849-4f33-b153-37bc2a15794a.png HTTP/1.1" 304 Not Modified
INFO:     fdbd:dc07:fe:4005::233e:0 - "GET /api/media/files/b714d05c-a849-4f33-b153-37bc2a15794a.png HTTP/1.1" 304 Not Modified
INFO:     fdbd:dc07:fe:4005::2240:0 - "GET /api/media/files/b714d05c-a849-4f33-b153-37bc2a15794a.png HTTP/1.1" 304 Not Modified
INFO:     fdbd:dc07:fe:4005::26f1:0 - "GET /api/media/files/b714d05c-a849-4f33-b153-37bc2a15794a.png HTTP/1.1" 304 Not Modified
INFO:     fdbd:dc07:fe:4005::258e:0 - "GET /api/media/files/b714d05c-a849-4f33-b153-37bc2a15794a.png HTTP/1.1" 304 Not Modified
