INFO:     Will watch for changes in these directories: ['/workspace/iris_4313d091-e484-4384-8564-8ce91e478bc4/second-brain-ai']
INFO:     Uvicorn running on http://0.0.0.0:8000 (Press CTRL+C to quit)
INFO:     Started reloader process [3626758] using WatchFiles
INFO:     Started server process [3626760]
INFO:     Waiting for application startup.
INFO:     Application startup complete.
[*] Second Brain AI Version: v0.5.5
[*] Frontend dist directory: /workspace/iris_4313d091-e484-4384-8564-8ce91e478bc4/second-brain-ai/frontend_dist
[*] Frontend index.html exists: True
INFO:     fdbd:dc07:fe:4005::20db:0 - "GET / HTTP/1.1" 200 OK
INFO:     fdbd:dc07:fe:4005::2688:0 - "GET /assets/index-DKSircfp.js HTTP/1.1" 200 OK
INFO:     fdbd:dc07:fe:4005::20ca:0 - "GET /assets/index-BDoTciKm.css HTTP/1.1" 200 OK
INFO:     fdbd:dc07:fe:4005::26af:0 - "GET /assets/main-Du77ut54.webp HTTP/1.1" 200 OK
INFO:     fdbd:dc07:fe:4005::262d:0 - "GET /api/system/version HTTP/1.1" 200 OK
INFO:     fdbd:dc07:fe:4005::20cd:0 - "GET /favicon.svg HTTP/1.1" 200 OK
INFO:     fdbd:dc07:fe:4005::2489:0 - "GET /api/version HTTP/1.1" 200 OK
INFO:     fdbd:dc07:fe:4005::226a:0 - "GET /api/notebooks HTTP/1.1" 200 OK
INFO:     fdbd:dc07:fe:4005::21f6:0 - "GET /api/notes?sort_by=position HTTP/1.1" 200 OK
INFO:     fdbd:dc07:fe:4005::26b6:0 - "GET /api/tasks HTTP/1.1" 200 OK
INFO:     fdbd:dc07:fe:4005::219f:0 - "GET /api/model-config HTTP/1.1" 200 OK
INFO:     fdbd:dc07:fe:4005::226b:0 - "GET /api/trash HTTP/1.1" 200 OK
INFO:     fdbd:dc07:fe:4005::26af:0 - "GET /api/user/stats HTTP/1.1" 200 OK
INFO:     fdbd:dc07:fe:4005::2718:0 - "GET /api/user/achievements HTTP/1.1" 200 OK
INFO:     fdbd:dc07:fe:4005::2706:0 - "GET /api/bgm/list HTTP/1.1" 200 OK
INFO:     fdbd:dc07:fe:4005::2630:0 - "GET /api/system/logs HTTP/1.1" 200 OK
INFO:     fdbd:dc07:fe:4005::20c0:0 - "GET /api/system/logs HTTP/1.1" 200 OK
INFO:     fdbd:dc07:fe:4005::26d2:0 - "PATCH /api/user/theme HTTP/1.1" 200 OK
INFO:     fdbd:dc07:fe:4005::2560:0 - "PATCH /api/user/theme HTTP/1.1" 200 OK
INFO:     fdbd:dc07:fe:4005::2721:0 - "PATCH /api/user/theme HTTP/1.1" 200 OK
INFO:     fdbd:dc07:fe:4005::21ea:0 - "PATCH /api/user/theme HTTP/1.1" 200 OK
INFO:     fdbd:dc07:fe:4005::20b6:0 - "PATCH /api/user/theme HTTP/1.1" 200 OK
INFO:     fdbd:dc07:fe:4005::27ba:0 - "PATCH /api/user/theme HTTP/1.1" 200 OK
INFO:     fdbd:dc07:fe:4005::275d:0 - "PATCH /api/user/theme HTTP/1.1" 200 OK
INFO:     fdbd:dc07:fe:4005::2201:0 - "PATCH /api/user/theme HTTP/1.1" 200 OK
INFO:     fdbd:dc07:fe:4005::21c8:0 - "PATCH /api/user/theme HTTP/1.1" 200 OK
INFO:     fdbd:dc07:fe:4005::2739:0 - "GET /api/system/logs HTTP/1.1" 200 OK
INFO:     fdbd:dc07:fe:4005::23ee:0 - "PATCH /api/user/theme HTTP/1.1" 200 OK
INFO:     fdbd:dc07:fe:4005::20f8:0 - "PATCH /api/user/theme HTTP/1.1" 200 OK
INFO:     fdbd:dc07:fe:4005::20f7:0 - "PATCH /api/user/theme HTTP/1.1" 200 OK
INFO:     fdbd:dc07:fe:4005::24ca:0 - "PATCH /api/user/theme HTTP/1.1" 200 OK
INFO:     fdbd:dc07:fe:4005::23df:0 - "PATCH /api/user/theme HTTP/1.1" 200 OK
INFO:     fdbd:dc07:fe:4005::26cc:0 - "PATCH /api/user/theme HTTP/1.1" 200 OK
INFO:     fdbd:dc07:fe:4005::251f:0 - "PATCH /api/user/theme HTTP/1.1" 200 OK
INFO:     fdbd:dc07:fe:4005::25aa:0 - "PATCH /api/user/theme HTTP/1.1" 200 OK
INFO:     fdbd:dc07:fe:4005::25be:0 - "GET /api/system/logs HTTP/1.1" 200 OK
INFO:     fdbd:dc07:fe:4005::262e:0 - "GET /api/system/logs HTTP/1.1" 200 OK
INFO:     fdbd:dc07:fe:4005::21cd:0 - "GET /api/system/logs HTTP/1.1" 200 OK
INFO:     fdbd:dc07:fe:4005::21d8:0 - "GET /api/system/logs HTTP/1.1" 200 OK
INFO:     fdbd:dc07:fe:4005::23a8:0 - "GET /assets/link-BBw_sqFY.webp HTTP/1.1" 200 OK
INFO:     fdbd:dc07:fe:4005::265a:0 - "PATCH /api/user/theme HTTP/1.1" 200 OK
INFO:     fdbd:dc07:fe:4005::219f:0 - "PATCH /api/user/theme HTTP/1.1" 200 OK
INFO:     fdbd:dc07:fe:4005::26ee:0 - "PATCH /api/user/theme HTTP/1.1" 200 OK
INFO:     fdbd:dc07:fe:4005::22e9:0 - "PATCH /api/user/theme HTTP/1.1" 200 OK
INFO:     fdbd:dc07:fe:4005::204c:0 - "PATCH /api/user/theme HTTP/1.1" 200 OK
INFO:     fdbd:dc07:fe:4005::2579:0 - "PATCH /api/user/theme HTTP/1.1" 200 OK
INFO:     fdbd:dc07:fe:4005::225d:0 - "PATCH /api/user/theme HTTP/1.1" 200 OK
INFO:     fdbd:dc07:fe:4005::2317:0 - "PATCH /api/user/theme HTTP/1.1" 200 OK
INFO:     fdbd:dc07:fe:4005::26ac:0 - "PATCH /api/user/theme HTTP/1.1" 200 OK
INFO:     fdbd:dc07:fe:4005::22d4:0 - "PATCH /api/user/theme HTTP/1.1" 200 OK
INFO:     fdbd:dc07:fe:4005::2429:0 - "PATCH /api/user/theme HTTP/1.1" 200 OK
INFO:     fdbd:dc07:fe:4005::2468:0 - "PATCH /api/user/theme HTTP/1.1" 200 OK
INFO:     fdbd:dc07:fe:4005::2343:0 - "PATCH /api/user/theme HTTP/1.1" 200 OK
INFO:     fdbd:dc07:fe:4005::2529:0 - "PATCH /api/user/theme HTTP/1.1" 200 OK
INFO:     fdbd:dc07:fe:4005::2215:0 - "PATCH /api/user/theme HTTP/1.1" 200 OK
INFO:     fdbd:dc07:fe:4005::24b1:0 - "PATCH /api/user/theme HTTP/1.1" 200 OK
INFO:     fdbd:dc07:fe:4005::252a:0 - "PATCH /api/user/theme HTTP/1.1" 200 OK
INFO:     fdbd:dc07:fe:4005::21c0:0 - "PATCH /api/user/theme HTTP/1.1" 200 OK
INFO:     fdbd:dc07:fe:4005::21ea:0 - "GET /api/system/logs HTTP/1.1" 200 OK
INFO:     fdbd:dc07:fe:4005::25bf:0 - "PATCH /api/user/theme HTTP/1.1" 200 OK
INFO:     fdbd:dc07:fe:4005::26a1:0 - "PATCH /api/user/theme HTTP/1.1" 200 OK
INFO:     fdbd:dc07:fe:4005::2163:0 - "PATCH /api/user/theme HTTP/1.1" 200 OK
INFO:     fdbd:dc07:fe:4005::230d:0 - "PATCH /api/user/theme HTTP/1.1" 200 OK
INFO:     fdbd:dc07:fe:4005::20cb:0 - "PATCH /api/user/theme HTTP/1.1" 200 OK
INFO:     fdbd:dc07:fe:4005::24b3:0 - "PATCH /api/user/theme HTTP/1.1" 200 OK
INFO:     fdbd:dc07:fe:4005::248e:0 - "PATCH /api/user/theme HTTP/1.1" 200 OK
INFO:     fdbd:dc07:fe:4005::274c:0 - "PATCH /api/user/theme HTTP/1.1" 200 OK
INFO:     fdbd:dc07:fe:4005::20e8:0 - "PATCH /api/user/theme HTTP/1.1" 200 OK
INFO:     fdbd:dc07:fe:4005::2460:0 - "PATCH /api/user/theme HTTP/1.1" 200 OK
INFO:     fdbd:dc07:fe:4005::272a:0 - "PATCH /api/user/theme HTTP/1.1" 200 OK
INFO:     fdbd:dc07:fe:4005::22ea:0 - "PATCH /api/user/theme HTTP/1.1" 200 OK
INFO:     fdbd:dc07:fe:4005::21a0:0 - "PATCH /api/user/theme HTTP/1.1" 200 OK
INFO:     fdbd:dc07:fe:4005::25fb:0 - "PATCH /api/user/theme HTTP/1.1" 200 OK
INFO:     fdbd:dc07:fe:4005::22d6:0 - "PATCH /api/user/theme HTTP/1.1" 200 OK
INFO:     fdbd:dc07:fe:4005::2318:0 - "PATCH /api/user/theme HTTP/1.1" 200 OK
INFO:     fdbd:dc07:fe:4005::23b6:0 - "GET /api/system/logs HTTP/1.1" 200 OK
INFO:     fdbd:dc07:fe:4005::27c3:0 - "PATCH /api/user/theme HTTP/1.1" 200 OK
INFO:     fdbd:dc07:fe:4005::25fc:0 - "PATCH /api/user/theme HTTP/1.1" 200 OK
INFO:     fdbd:dc07:fe:4005::23a7:0 - "PATCH /api/user/theme HTTP/1.1" 200 OK
INFO:     fdbd:dc07:fe:4005::20f9:0 - "PATCH /api/user/theme HTTP/1.1" 200 OK
INFO:     fdbd:dc07:fe:4005::21d9:0 - "PATCH /api/user/theme HTTP/1.1" 200 OK
INFO:     fdbd:dc07:fe:4005::24cc:0 - "PATCH /api/user/theme HTTP/1.1" 200 OK
INFO:     fdbd:dc07:fe:4005::22d7:0 - "PATCH /api/user/theme HTTP/1.1" 200 OK
INFO:     fdbd:dc07:fe:4005::2598:0 - "PATCH /api/user/theme HTTP/1.1" 200 OK
INFO:     fdbd:dc07:fe:4005::26b0:0 - "PATCH /api/user/theme HTTP/1.1" 200 OK
INFO:     fdbd:dc07:fe:4005::23a9:0 - "PATCH /api/user/theme HTTP/1.1" 200 OK
INFO:     fdbd:dc07:fe:4005::23aa:0 - "PATCH /api/user/theme HTTP/1.1" 200 OK
INFO:     fdbd:dc07:fe:4005::20f9:0 - "PATCH /api/user/theme HTTP/1.1" 200 OK
INFO:     fdbd:dc07:fe:4005::24e4:0 - "PATCH /api/user/theme HTTP/1.1" 200 OK
INFO:     fdbd:dc07:fe:4005::212b:0 - "PATCH /api/user/theme HTTP/1.1" 200 OK
INFO:     fdbd:dc07:fe:4005::25fd:0 - "PATCH /api/user/theme HTTP/1.1" 200 OK
INFO:     fdbd:dc07:fe:4005::24bf:0 - "PATCH /api/user/theme HTTP/1.1" 200 OK
INFO:     fdbd:dc07:fe:4005::26a6:0 - "PATCH /api/user/theme HTTP/1.1" 200 OK
INFO:     fdbd:dc07:fe:4005::22e9:0 - "PATCH /api/user/theme HTTP/1.1" 200 OK
INFO:     fdbd:dc07:fe:4005::21da:0 - "PATCH /api/user/theme HTTP/1.1" 200 OK
INFO:     fdbd:dc07:fe:4005::20e4:0 - "PATCH /api/user/theme HTTP/1.1" 200 OK
INFO:     fdbd:dc07:fe:4005::20aa:0 - "PATCH /api/user/theme HTTP/1.1" 200 OK
INFO:     fdbd:dc07:fe:4005::27c7:0 - "PATCH /api/user/theme HTTP/1.1" 200 OK
INFO:     fdbd:dc07:fe:4005::20ea:0 - "GET /api/system/logs HTTP/1.1" 200 OK
INFO:     fdbd:dc07:fe:4005::23f6:0 - "PATCH /api/user/theme HTTP/1.1" 200 OK
INFO:     fdbd:dc07:fe:4005::25cf:0 - "PATCH /api/user/theme HTTP/1.1" 200 OK
INFO:     fdbd:dc07:fe:4005::2671:0 - "PATCH /api/user/theme HTTP/1.1" 200 OK
INFO:     fdbd:dc07:fe:4005::24c9:0 - "PATCH /api/user/theme HTTP/1.1" 200 OK
INFO:     fdbd:dc07:fe:4005::2589:0 - "PATCH /api/user/theme HTTP/1.1" 200 OK
INFO:     fdbd:dc07:fe:4005::279a:0 - "PATCH /api/user/theme HTTP/1.1" 200 OK
INFO:     fdbd:dc07:fe:4005::2277:0 - "PATCH /api/user/theme HTTP/1.1" 200 OK
INFO:     fdbd:dc07:fe:4005::2584:0 - "PATCH /api/user/theme HTTP/1.1" 200 OK
INFO:     fdbd:dc07:fe:4005::20fa:0 - "PATCH /api/user/theme HTTP/1.1" 200 OK
INFO:     fdbd:dc07:fe:4005::2661:0 - "PATCH /api/user/theme HTTP/1.1" 200 OK
INFO:     fdbd:dc07:fe:4005::22a2:0 - "PATCH /api/user/theme HTTP/1.1" 200 OK
INFO:     fdbd:dc07:fe:4005::25fe:0 - "PATCH /api/user/theme HTTP/1.1" 200 OK
INFO:     fdbd:dc07:fe:4005::24a1:0 - "PATCH /api/user/theme HTTP/1.1" 200 OK
INFO:     fdbd:dc07:fe:4005::228e:0 - "PATCH /api/user/theme HTTP/1.1" 200 OK
INFO:     fdbd:dc07:fe:4005::2469:0 - "PATCH /api/user/theme HTTP/1.1" 200 OK
INFO:     fdbd:dc07:fe:4005::20e5:0 - "PATCH /api/user/theme HTTP/1.1" 200 OK
INFO:     fdbd:dc07:fe:4005::20e3:0 - "PATCH /api/user/theme HTTP/1.1" 200 OK
INFO:     fdbd:dc07:fe:4005::27c4:0 - "PATCH /api/user/theme HTTP/1.1" 200 OK
INFO:     fdbd:dc07:fe:4005::25e5:0 - "GET /api/system/logs HTTP/1.1" 200 OK
INFO:     fdbd:dc07:fe:4005::23d3:0 - "PATCH /api/user/theme HTTP/1.1" 200 OK
INFO:     fdbd:dc07:fe:4005::203a:0 - "PATCH /api/user/theme HTTP/1.1" 200 OK
INFO:     fdbd:dc07:fe:4005::2631:0 - "PATCH /api/user/theme HTTP/1.1" 200 OK
INFO:     fdbd:dc07:fe:4005::2716:0 - "PATCH /api/user/theme HTTP/1.1" 200 OK
INFO:     fdbd:dc07:fe:4005::227b:0 - "PATCH /api/user/theme HTTP/1.1" 200 OK
INFO:     fdbd:dc07:fe:4005::2373:0 - "PATCH /api/user/theme HTTP/1.1" 200 OK
INFO:     fdbd:dc07:fe:4005::203b:0 - "PATCH /api/user/theme HTTP/1.1" 200 OK
INFO:     fdbd:dc07:fe:4005::2216:0 - "PATCH /api/user/theme HTTP/1.1" 200 OK
INFO:     fdbd:dc07:fe:4005::227c:0 - "PATCH /api/user/theme HTTP/1.1" 200 OK
INFO:     fdbd:dc07:fe:4005::25ab:0 - "PATCH /api/user/theme HTTP/1.1" 200 OK
INFO:     fdbd:dc07:fe:4005::212c:0 - "PATCH /api/user/theme HTTP/1.1" 200 OK
INFO:     fdbd:dc07:fe:4005::258a:0 - "PATCH /api/user/theme HTTP/1.1" 200 OK
INFO:     fdbd:dc07:fe:4005::2301:0 - "PATCH /api/user/theme HTTP/1.1" 200 OK
INFO:     fdbd:dc07:fe:4005::26a2:0 - "PATCH /api/user/theme HTTP/1.1" 200 OK
INFO:     fdbd:dc07:fe:4005::278f:0 - "PATCH /api/user/theme HTTP/1.1" 200 OK
INFO:     fdbd:dc07:fe:4005::24f4:0 - "GET /api/system/logs HTTP/1.1" 200 OK
INFO:     fdbd:dc07:fe:4005::23ab:0 - "PATCH /api/user/theme HTTP/1.1" 200 OK
INFO:     fdbd:dc07:fe:4005::204d:0 - "PATCH /api/user/theme HTTP/1.1" 200 OK
INFO:     fdbd:dc07:fe:4005::2790:0 - "PATCH /api/user/theme HTTP/1.1" 200 OK
INFO:     fdbd:dc07:fe:4005::258b:0 - "PATCH /api/user/theme HTTP/1.1" 200 OK
INFO:     fdbd:dc07:fe:4005::250e:0 - "PATCH /api/user/theme HTTP/1.1" 200 OK
INFO:     fdbd:dc07:fe:4005::26a3:0 - "PATCH /api/user/theme HTTP/1.1" 200 OK
INFO:     fdbd:dc07:fe:4005::26b0:0 - "PATCH /api/user/theme HTTP/1.1" 200 OK
INFO:     fdbd:dc07:fe:4005::26a0:0 - "PATCH /api/user/theme HTTP/1.1" 200 OK
INFO:     fdbd:dc07:fe:4005::24d0:0 - "PATCH /api/user/theme HTTP/1.1" 200 OK
INFO:     fdbd:dc07:fe:4005::27c8:0 - "PATCH /api/user/theme HTTP/1.1" 200 OK
INFO:     fdbd:dc07:fe:4005::219e:0 - "PATCH /api/user/theme HTTP/1.1" 200 OK
INFO:     fdbd:dc07:fe:4005::27c9:0 - "PATCH /api/user/theme HTTP/1.1" 200 OK
INFO:     fdbd:dc07:fe:4005::252b:0 - "PATCH /api/user/theme HTTP/1.1" 200 OK
INFO:     fdbd:dc07:fe:4005::2751:0 - "PATCH /api/user/theme HTTP/1.1" 200 OK
INFO:     fdbd:dc07:fe:4005::219d:0 - "PATCH /api/user/theme HTTP/1.1" 200 OK
INFO:     fdbd:dc07:fe:4005::252c:0 - "PATCH /api/user/theme HTTP/1.1" 200 OK
INFO:     fdbd:dc07:fe:4005::20a5:0 - "PATCH /api/user/theme HTTP/1.1" 200 OK
INFO:     fdbd:dc07:fe:4005::23e6:0 - "PATCH /api/user/theme HTTP/1.1" 200 OK
INFO:     fdbd:dc07:fe:4005::22d8:0 - "PATCH /api/user/theme HTTP/1.1" 200 OK
INFO:     fdbd:dc07:fe:4005::27e3:0 - "PATCH /api/user/theme HTTP/1.1" 200 OK
INFO:     fdbd:dc07:fe:4005::20e4:0 - "PATCH /api/user/theme HTTP/1.1" 200 OK
INFO:     fdbd:dc07:fe:4005::25c0:0 - "PATCH /api/user/theme HTTP/1.1" 200 OK
INFO:     fdbd:dc07:fe:4005::2331:0 - "PATCH /api/user/theme HTTP/1.1" 200 OK
INFO:     fdbd:dc07:fe:4005::22a3:0 - "PATCH /api/user/theme HTTP/1.1" 200 OK
INFO:     fdbd:dc07:fe:4005::2786:0 - "PATCH /api/user/theme HTTP/1.1" 200 OK
INFO:     fdbd:dc07:fe:4005::21db:0 - "GET /api/system/logs HTTP/1.1" 200 OK
INFO:     fdbd:dc07:fe:4005::24ca:0 - "PATCH /api/user/theme HTTP/1.1" 200 OK
INFO:     fdbd:dc07:fe:4005::27d7:0 - "PATCH /api/user/theme HTTP/1.1" 200 OK
INFO:     fdbd:dc07:fe:4005::23a9:0 - "PATCH /api/user/theme HTTP/1.1" 200 OK
INFO:     fdbd:dc07:fe:4005::21dc:0 - "PATCH /api/user/theme HTTP/1.1" 200 OK
INFO:     fdbd:dc07:fe:4005::2278:0 - "PATCH /api/user/theme HTTP/1.1" 200 OK
INFO:     fdbd:dc07:fe:4005::24e5:0 - "PATCH /api/user/theme HTTP/1.1" 200 OK
INFO:     fdbd:dc07:fe:4005::24df:0 - "PATCH /api/user/theme HTTP/1.1" 200 OK
INFO:     fdbd:dc07:fe:4005::23ac:0 - "PATCH /api/user/theme HTTP/1.1" 200 OK
INFO:     fdbd:dc07:fe:4005::230e:0 - "PATCH /api/user/theme HTTP/1.1" 200 OK
INFO:     fdbd:dc07:fe:4005::2581:0 - "PATCH /api/user/theme HTTP/1.1" 200 OK
INFO:     fdbd:dc07:fe:4005::22b1:0 - "PATCH /api/user/theme HTTP/1.1" 200 OK
INFO:     fdbd:dc07:fe:4005::2780:0 - "PATCH /api/user/theme HTTP/1.1" 200 OK
INFO:     fdbd:dc07:fe:4005::24cd:0 - "PATCH /api/user/theme HTTP/1.1" 200 OK
INFO:     fdbd:dc07:fe:4005::260b:0 - "PATCH /api/user/theme HTTP/1.1" 200 OK
INFO:     fdbd:dc07:fe:4005::26ac:0 - "PATCH /api/user/theme HTTP/1.1" 200 OK
INFO:     fdbd:dc07:fe:4005::21c7:0 - "PATCH /api/user/theme HTTP/1.1" 200 OK
INFO:     fdbd:dc07:fe:4005::21c9:0 - "PATCH /api/user/theme HTTP/1.1" 200 OK
INFO:     fdbd:dc07:fe:4005::26b7:0 - "PATCH /api/user/theme HTTP/1.1" 200 OK
INFO:     fdbd:dc07:fe:4005::273a:0 - "PATCH /api/user/theme HTTP/1.1" 200 OK
INFO:     fdbd:dc07:fe:4005::2561:0 - "PATCH /api/user/theme HTTP/1.1" 200 OK
INFO:     fdbd:dc07:fe:4005::2202:0 - "PATCH /api/user/theme HTTP/1.1" 200 OK
INFO:     fdbd:dc07:fe:4005::2520:0 - "PATCH /api/user/theme HTTP/1.1" 200 OK
INFO:     fdbd:dc07:fe:4005::23e0:0 - "PATCH /api/user/theme HTTP/1.1" 200 OK
INFO:     fdbd:dc07:fe:4005::23bf:0 - "PATCH /api/user/theme HTTP/1.1" 200 OK
INFO:     fdbd:dc07:fe:4005::2658:0 - "PATCH /api/user/theme HTTP/1.1" 200 OK
INFO:     fdbd:dc07:fe:4005::20fa:0 - "PATCH /api/user/theme HTTP/1.1" 200 OK
INFO:     fdbd:dc07:fe:4005::22d9:0 - "GET /api/system/logs HTTP/1.1" 200 OK
INFO:     fdbd:dc07:fe:4005::27f2:0 - "PATCH /api/user/theme HTTP/1.1" 200 OK
INFO:     fdbd:dc07:fe:4005::23e4:0 - "PATCH /api/user/theme HTTP/1.1" 200 OK
INFO:     fdbd:dc07:fe:4005::24a2:0 - "PATCH /api/user/theme HTTP/1.1" 200 OK
INFO:     fdbd:dc07:fe:4005::22b9:0 - "PATCH /api/user/theme HTTP/1.1" 200 OK
INFO:     fdbd:dc07:fe:4005::21db:0 - "PATCH /api/user/theme HTTP/1.1" 200 OK
INFO:     fdbd:dc07:fe:4005::22b5:0 - "PATCH /api/user/theme HTTP/1.1" 200 OK
INFO:     fdbd:dc07:fe:4005::27c5:0 - "PATCH /api/user/theme HTTP/1.1" 200 OK
INFO:     fdbd:dc07:fe:4005::249e:0 - "PATCH /api/user/theme HTTP/1.1" 200 OK
INFO:     fdbd:dc07:fe:4005::2115:0 - "PATCH /api/user/theme HTTP/1.1" 200 OK
INFO:     fdbd:dc07:fe:4005::22cd:0 - "PATCH /api/user/theme HTTP/1.1" 200 OK
INFO:     fdbd:dc07:fe:4005::21c8:0 - "PATCH /api/user/theme HTTP/1.1" 200 OK
INFO:     fdbd:dc07:fe:4005::23e7:0 - "PATCH /api/user/theme HTTP/1.1" 200 OK
INFO:     fdbd:dc07:fe:4005::27ca:0 - "PATCH /api/user/theme HTTP/1.1" 200 OK
INFO:     fdbd:dc07:fe:4005::203c:0 - "PATCH /api/user/theme HTTP/1.1" 200 OK
INFO:     fdbd:dc07:fe:4005::219e:0 - "PATCH /api/user/theme HTTP/1.1" 200 OK
INFO:     fdbd:dc07:fe:4005::20b7:0 - "PATCH /api/user/theme HTTP/1.1" 200 OK
INFO:     fdbd:dc07:fe:4005::258c:0 - "PATCH /api/user/theme HTTP/1.1" 200 OK
INFO:     fdbd:dc07:fe:4005::24b4:0 - "PATCH /api/user/theme HTTP/1.1" 200 OK
INFO:     fdbd:dc07:fe:4005::23c3:0 - "PATCH /api/user/theme HTTP/1.1" 200 OK
INFO:     fdbd:dc07:fe:4005::24df:0 - "PATCH /api/user/theme HTTP/1.1" 200 OK
INFO:     fdbd:dc07:fe:4005::2346:0 - "PATCH /api/user/theme HTTP/1.1" 200 OK
INFO:     fdbd:dc07:fe:4005::228f:0 - "GET /api/system/logs HTTP/1.1" 200 OK
INFO:     fdbd:dc07:fe:4005::2319:0 - "GET /assets/link-BBw_sqFY.webp HTTP/1.1" 304 Not Modified
